<?xml version="1.0" encoding="UTF-8"?>
<!-- Generated by org.testng.reporters.JUnitReportReporter -->
<testsuite skipped="0" hostname="MCKINLEY-QA5" name="tests.LoginPage" tests="1" failures="0" timestamp="13 Jun 2018 12:54:43 GMT" time="14.185" errors="0">
  <testcase name="loginToApplication" time="14.185" classname="tests.LoginPage"/>
</testsuite> <!-- tests.LoginPage -->
