<?xml version="1.0" encoding="UTF-8"?>
<!-- Generated by org.testng.reporters.JUnitReportReporter -->
<testsuite skipped="0" hostname="MCKINLEY-QA5" name="demo.MultipleWindowsClass" tests="1" failures="0" timestamp="19 Jun 2018 07:03:17 GMT" time="15.380" errors="0">
  <testcase name="testMultipleWindows" time="15.380" classname="demo.MultipleWindowsClass"/>
</testsuite> <!-- demo.MultipleWindowsClass -->
