<?xml version="1.0" encoding="UTF-8"?>
<!-- Generated by org.testng.reporters.JUnitReportReporter -->
<testsuite skipped="0" hostname="MCKINLEY-QA5" name="demo.TestngAnnotation" tests="2" failures="0" timestamp="20 Jun 2018 06:42:16 GMT" time="0.008" errors="0">
  <testcase name="testCase1" time="0.008" classname="demo.TestngAnnotation"/>
  <testcase name="testCase2" time="0.000" classname="demo.TestngAnnotation"/>
</testsuite> <!-- demo.TestngAnnotation -->
