<?xml version="1.0" encoding="UTF-8"?>
<!-- Generated by org.testng.reporters.JUnitReportReporter -->
<testsuite skipped="0" hostname="MCKINLEY-QA5" name="demo.CaptureScreenShot" tests="1" failures="0" timestamp="19 Jun 2018 06:45:36 GMT" time="17.064" errors="0">
  <testcase name="captureScreenMethod" time="17.064" classname="demo.CaptureScreenShot"/>
</testsuite> <!-- demo.CaptureScreenShot -->
